running 17/17 test cases  |  hyde=True  rerank=True  graph=True  fallback=True

[ 1/17] vi_def_antiselection              (concept_vi)
    Q: Antiselection là gì? Tại sao underwriter cần quan tâm tới nó?
[graph] loaded 343 nodes, 395 edges from D:\t\LOMA\rag\out
    PASS  path=loma  chunks=5  web=0  nodes=12  9.5s
    A: Antiselection (lựa chọn bất lợi) là xu hướng những người có rủi ro cao hơn trung bình tìm kiếm hoặc tiếp tục duy trì bảo hiểm nhiều hơn so với những người có rủi ro trung bình hoặc thấp hơn [LOMA281_M1L1_C033].  Underwriter cần quan tâm tới antiselection vì nó có thể dẫn đến việc công ty bảo hiểm chấp nhận những rủi ro cao hơn dự kiến, gây ảnh hưởng đến khả năng định giá chính xác và công bằng của các hợp đồng bảo hiểm. Việc phân loại rủi ro và áp dụng mức phí phù hợp là cách để giảm thiểu tác động của antiselection [LOMA281_M1L1_C037][LOMA281_M1L1_C036].

[ 2/17] vi_def_longevity                  (concept_vi)
    Q: Longevity risk có nghĩa là gì trong bảo hiểm?
    PASS  path=loma  chunks=5  web=0  nodes=12  6.3s
    A: Longevity risk là rủi ro sống lâu hơn dự kiến, dẫn đến nguy cơ hết tài sản tài chính khi vẫn còn sống. Người ta có thể chuyển giao rủi ro này cho công ty bảo hiểm bằng cách mua niên kim, nhận cam kết thanh toán định kỳ trong một khoảng thời gian nhất định hoặc suốt đời. Một số loại niên kim cung cấp thu nhập cho đến hết đời của người mua, bất kể họ sống bao lâu [LOMA281_M1L1_C017].

[ 3/17] vi_def_reinsurance                (concept_vi)
    Q: Reinsurance là gì và ai nhận rủi ro?
    PASS  path=loma  chunks=5  web=0  nodes=12  6.8s
    A: Reinsurance (tái bảo hiểm) là bảo hiểm dành cho các công ty bảo hiểm. Công ty bảo hiểm gốc (direct writer hoặc ceding company) chuyển giao (cede) rủi ro vượt quá giới hạn giữ lại (retention limit) của mình cho công ty tái bảo hiểm (reinsurer hoặc assuming company). Công ty tái bảo hiểm là bên nhận rủi ro này [LOMA281_M1L1_C029].

[ 4/17] en_def_surrender                  (concept_en)
    Q: What is a surrender charge in a deferred annuity and when does it apply?
    PASS  path=loma  chunks=5  web=0  nodes=12  9.2s
    A: A surrender charge in a deferred annuity is a fee imposed by the insurer when the contract owner either (1) takes withdrawals exceeding the amount allowed by the contract or (2) fully surrenders the contract before the end of the surrender charge period. These charges typically apply during the early years of the contract and decrease each year until they are eventually eliminated [LOMA281_M2L3_C022].

[ 5/17] en_def_underwriting               (concept_en)
    Q: Explain the role of underwriting in insurance.
    PASS  path=loma  chunks=5  web=0  nodes=12  9.7s
    A: Underwriting in insurance involves assessing and classifying the degree of risk a proposed insured or group represents, and making a decision to accept or decline that risk. Underwriters evaluate applications to determine risk classes, such as Standard, Preferred, Substandard, or Declined, which directly affect premium rates. They carefully investigate applications to identify factors that may increase risk, aiming to minimize antiselection, where individuals with higher risk are more likely to apply for insurance [LOMA291_M2L2_C003][LOMA281_M1L4_C035][LOMA281_M1L1_C031][LOMA281_M1L1_C033].

[ 6/17] lang_override_vi_to_en            (language_override)
    Q: Antiselection là gì? Please answer in English only.
    PASS  path=loma  chunks=5  web=0  nodes=12  5.9s
    A: Antiselection is the tendency of individuals with a higher-than-average risk of loss to seek or continue insurance coverage to a greater extent than those with an average or below-average risk [LOMA281_M1L1_C033].

[ 7/17] lang_override_en_to_vi            (language_override)
    Q: What is reinsurance? Hãy trả lời bằng tiếng Việt.
    PASS  path=loma  chunks=5  web=0  nodes=12  7.2s
    A: Tái bảo hiểm là bảo hiểm dành cho các công ty bảo hiểm. Nó cho phép công ty bảo hiểm gốc (direct writer hoặc ceding company) chuyển giao rủi ro vượt quá giới hạn giữ lại của mình cho một công ty tái bảo hiểm (reinsurer hoặc assuming company) [LOMA281_M1L1_C029].

[ 8/17] cmp_term_vs_whole_en              (comparison_en)
    Q: What is the difference between term life insurance and whole life insurance?
    PASS  path=loma  chunks=5  web=0  nodes=12  6.7s
    A: Term life insurance provides coverage for a specified period and pays a death benefit only if the insured dies during that term. It does not include a savings element [LOMA281_M2L1_C004]. Whole life insurance, also known as cash value life insurance, provides lifetime coverage and includes a savings element called cash value, which term life insurance does not have [LOMA281_M2L2_C002].

[ 9/17] cmp_speculative_vs_pure_vi        (comparison_vi)
    Q: So sánh speculative risk và pure risk. Loại nào có thể được bảo hiểm?
    PASS  path=loma  chunks=5  web=0  nodes=12  8.2s
    A: Speculative risk (rủi ro đầu cơ) là loại rủi ro có thể dẫn đến lãi, lỗ hoặc không thay đổi, ví dụ như đầu tư cổ phiếu. Trong khi đó, pure risk (rủi ro thuần túy) chỉ có khả năng xảy ra lỗ hoặc không lỗ, không có khả năng sinh lãi, ví dụ như tử vong hoặc bệnh tật [LOMA281_M1L1_C004], [LOMA281_M1L1_C008].  Chỉ có pure risk mới có thể được bảo hiểm, vì bảo hiểm được thiết kế để bù đắp tổn thất tài chính chứ không phải để tạo cơ hội sinh lãi [LOMA281_M1L1_C009].

[10/17] cmp_risk_transfer_vs_pooling_vi   (comparison_vi)
    Q: So sánh giữa Risk Transfer và Risk Pooling.
    PASS  path=loma  chunks=5  web=0  nodes=12  9.5s
    A: Risk Transfer là quá trình chuyển giao rủi ro từ cá nhân sang công ty bảo hiểm. Người mua bảo hiểm trả phí bảo hiểm để công ty bảo hiểm chịu trách nhiệm tài chính nếu xảy ra tổn thất [LOMA281_M1L1_C013].  Risk Pooling là khái niệm gộp rủi ro, trong đó công ty bảo hiểm thu phí bảo hiểm từ nhiều người tham gia và phân tán chi phí của một số lượng tổn thất dự kiến tương đối ít trong nhóm đó [LOMA281_M1L1_C015].   Tóm lại, Risk Transfer tập trung vào việc chuyển rủi ro từ cá nhân sang công ty bảo hiểm, trong khi Risk Pooling tập trung vào việc chia sẻ rủi ro giữa một nhóm người tham gia.

[11/17] kg_contract_types_vi              (kg_traversal_vi)
    Q: Hãy liệt kê các loại Insurance Contract và đặc điểm của chúng.
    FAIL  path=loma  chunks=5  web=0  nodes=12  13.6s
      - must_contain_any: none of ['aleatory', 'unilateral', 'adhesion', 'đơn phương', 'kết ước'] in answer
    A: Các loại hợp đồng bảo hiểm (Insurance Contract) và đặc điểm của chúng được liệt kê như sau:  1. **Term Life Insurance** (Bảo hiểm nhân thọ có kỳ hạn):      - Cung cấp quyền lợi tử vong chỉ khi người được bảo hiểm qua đời trong thời hạn được chỉ định trong hợp đồng.      - Có loại **Level Term Insurance**: Quyền lợi tử vong và thường là phí bảo hiểm giữ nguyên trong suốt thời hạn hợp đồng. Đây là dạng đơn giản nhất của bảo hiểm nhân thọ có kỳ hạn và phù hợp với ngân sách hạn chế [LOMA281_M2L1_C005].  2. **Traditional Whole Life Insurance** (Bảo hiểm nhân thọ trọn đời truyền thống):      - Là lo…

[12/17] summary_module1_281_vi            (summary_vi)
    Q: Tóm tắt các nội dung chính của Module 1 trong LOMA 281 (Risk and Insurance).
    FAIL  path=web  chunks=5  web=5  nodes=12  26.0s
      - path: expected 'loma', got 'web'
    A: Module 1 của LOMA 281 tập trung vào các khái niệm cơ bản về rủi ro và bảo hiểm. Dưới đây là tóm tắt các nội dung chính:  1. **Rủi ro (Risk)**: Là khả năng xảy ra một kết quả không mong đợi, có thể là mất mát hoặc lợi ích. Có hai loại rủi ro chính:    - **Rủi ro đầu cơ (Speculative Risk)**: Có ba khả năng xảy ra: mất mát, lợi ích, hoặc không thay đổi (ví dụ: đầu tư cổ phiếu).    - **Rủi ro thuần túy (Pure Risk)**: Chỉ có hai khả năng: mất mát hoặc không thay đổi, không có khả năng lợi ích (ví dụ: tai nạn) [WEB_1], [WEB_2].  2. **Bảo hiểm (Insurance)**: Là một cơ chế giúp bảo vệ tài chính trước …

[13/17] summary_annuity_overview_en       (summary_en)
    Q: Give me an overview of the types of annuity products covered in this course.
    PASS  path=loma  chunks=5  web=0  nodes=11  16.4s
    A: The course covers various types of annuity products, including:  1. **Deferred Annuities**: These have an accumulation period during which premiums and earnings grow. They can be classified as single-premium deferred annuities (SPDA) or flexible-premium deferred annuities (FPDA), with SPDAs being more common [LOMA281_M2L3_C019].  2. **Fixed Annuities**: These include fixed-rate deferred annuities (FRDAs) and fixed indexed annuities (FIAs). Fixed annuities are attractive to risk-averse individuals because the insurer bears the investment risk [LOMA281_M2L3_C024], [LOMA281_M2L3_C025].  3. **Defe…

[14/17] doc_compare_281_vs_291_vi         (doc_compare_vi)
    Q: LOMA 281 và LOMA 291 khác nhau ở điểm nào về phạm vi nội dung?
    FAIL  path=web  chunks=5  web=5  nodes=12  35.0s
      - path: expected 'loma', got 'web'
    A: LOMA 281 và LOMA 291 khác nhau về phạm vi nội dung như sau:  - **LOMA 281** tập trung vào việc đáp ứng nhu cầu của khách hàng thông qua các sản phẩm bảo hiểm và niên kim. Khóa học này cung cấp kiến thức cơ bản về cách các sản phẩm bảo hiểm được thiết kế để đáp ứng nhu cầu tài chính của khách hàng [WEB_3].  - **LOMA 291** tập trung vào các hoạt động, chức năng và phát triển sản phẩm trong tổ chức bảo hiểm. Khóa học này mang tính tương tác cao, sử dụng nhiều phương tiện để giảng dạy các khía cạnh vận hành và phát triển sản phẩm đặc thù của công ty bảo hiểm [WEB_1].  Tóm lại, LOMA 281 nhấn mạnh v…

[15/17] web_solvency_ii_vi                (web_fallback_vi)
    Q: Solvency II framework yêu cầu gì về capital requirements cho insurer ở EU?
    PASS  path=web  chunks=5  web=5  nodes=7  20.9s
    A: Solvency II yêu cầu các công ty bảo hiểm ở EU phải tuân thủ hai mức yêu cầu vốn chính: Solvency Capital Requirement (SCR) và Minimum Capital Requirement (MCR).   1. **Solvency Capital Requirement (SCR)**: Đây là mức vốn cao hơn, được thiết kế để đảm bảo rằng công ty bảo hiểm có thể chịu được các tổn thất bất ngờ trong vòng một năm với mức độ tin cậy 99,5%. SCR có thể được tính toán bằng công thức chuẩn do cơ quan quản lý quy định hoặc bằng mô hình nội bộ do công ty phát triển, nhưng phải được phê duyệt bởi cơ quan quản lý [WEB_1], [WEB_5].  2. **Minimum Capital Requirement (MCR)**: Đây là mức …

[16/17] web_insurtech_en                  (web_fallback_en)
    Q: What are the latest insurtech innovation trends in 2024?
    FAIL  path=web  chunks=5  web=5  nodes=8  21.3s
      - language: expected 'en', got 'vi'
    A: Las tendencias más recientes en innovación insurtech para 2024 incluyen:  1. **Inteligencia Artificial Generativa (GenAI)**: Esta tecnología está transformando la industria aseguradora, con aplicaciones como la detección de fraudes, evaluación de perfiles de riesgo y valoración de daños. GenAI también se utiliza para mejorar la experiencia del cliente y optimizar procesos [WEB_1], [WEB_4].  2. **Automatización y herramientas de desarrollo low-code/no-code**: Estas tecnologías permiten a las aseguradoras agilizar la creación de productos y servicios, reduciendo costos y tiempos de implementació…

[17/17] web_unrelated_vi                  (web_fallback_vi)
    Q: Bitcoin có phải là khoản đầu tư an toàn không?
    PASS  path=web  chunks=5  web=5  nodes=12  21.7s
    A: Bitcoin không phải là một khoản đầu tư an toàn theo nghĩa truyền thống, vì nó có mức độ biến động rất cao và rủi ro đáng kể. Giá trị của Bitcoin có thể tăng hoặc giảm đột ngột, khiến nó trở thành một tài sản đầu tư rủi ro cao [WEB_3].   Tuy nhiên, Bitcoin cũng có tiềm năng mang lại lợi nhuận cao. Một nghiên cứu cho thấy tỷ lệ lợi nhuận trung bình của Bitcoin là 18% với độ lệch chuẩn 61%, cao hơn nhiều so với các công cụ đầu tư truyền thống như vàng, cổ phiếu hoặc tỷ giá hối đoái [WEB_4]. Điều này cho thấy rằng mặc dù rủi ro cao, Bitcoin có thể mang lại lợi nhuận hấp dẫn nếu được đầu tư đúng cá…


=== Summary ===
  passed: 13/17  (76.5%)
  total time: 234.0s

By category:
  comparison_en          1/1
  comparison_vi          2/2
  concept_en             2/2
  concept_vi             3/3
  doc_compare_vi         0/1
  kg_traversal_vi        0/1
  language_override      2/2
  summary_en             1/1
  summary_vi             0/1
  web_fallback_en        0/1
  web_fallback_vi        2/2

wrote D:\t\LOMA\rag\out\qa_results.jsonl
