running 17/17 test cases  |  hyde=True  rerank=True  graph=True  fallback=True

[ 1/17] vi_def_antiselection              (concept_vi)
    Q: Antiselection là gì? Tại sao underwriter cần quan tâm tới nó?
[graph] loaded 343 nodes, 395 edges from D:\t\LOMA\rag\out
    PASS  path=loma  chunks=5  web=0  nodes=12  11.0s
    A: Antiselection (lựa chọn bất lợi) là xu hướng những người có khả năng chịu tổn thất cao nhất sẽ tìm kiếm bảo hiểm. Điều này làm cho vai trò của underwriter trở nên đặc biệt quan trọng trong quá trình đánh giá rủi ro [LOMA291_M2L2_C006].  Underwriter cần quan tâm tới antiselection vì những người có rủi ro cao hơn thường có xu hướng mua bảo hiểm nhiều hơn. Nếu không được đánh giá đúng, điều này có thể dẫn đến việc công ty bảo hiểm chấp nhận những rủi ro không mong muốn, ảnh hưởng đến sự ổn định tài chính của công ty [LOMA281_M1L1_C033][LOMA291_M2L2_C006].

[ 2/17] vi_def_longevity                  (concept_vi)
    Q: Longevity risk có nghĩa là gì trong bảo hiểm?
    PASS  path=loma  chunks=5  web=0  nodes=12  6.0s
    A: Longevity risk là rủi ro sống lâu hơn dự kiến, dẫn đến nguy cơ hết tài sản tài chính khi vẫn còn sống. Người ta có thể chuyển giao rủi ro này cho công ty bảo hiểm bằng cách mua niên kim, đảm bảo nhận các khoản thanh toán định kỳ trong một khoảng thời gian nhất định hoặc suốt đời, bất kể sống bao lâu [LOMA281_M1L1_C017], [LOMA281_M1L1_C016].

[ 3/17] vi_def_reinsurance                (concept_vi)
    Q: Reinsurance là gì và ai nhận rủi ro?
    PASS  path=loma  chunks=5  web=0  nodes=12  6.1s
    A: Reinsurance (tái bảo hiểm) là bảo hiểm dành cho các công ty bảo hiểm. Công ty bảo hiểm gốc (direct writer hoặc ceding company) chuyển giao (cede) rủi ro vượt quá giới hạn giữ lại (retention limit) của mình cho công ty tái bảo hiểm (reinsurer hoặc assuming company). Công ty tái bảo hiểm là bên nhận rủi ro này [LOMA281_M1L1_C029].

[ 4/17] en_def_surrender                  (concept_en)
    Q: What is a surrender charge in a deferred annuity and when does it apply?
    PASS  path=loma  chunks=5  web=0  nodes=12  6.6s
    A: A surrender charge in a deferred annuity is a fee imposed by the insurer when the contract owner either (1) takes withdrawals exceeding the amount allowed by the contract or (2) fully surrenders the contract before the end of the surrender charge period. This charge helps the insurer recover acquisition costs. Surrender charges typically apply during the early years of the contract and decrease each year until they are eventually eliminated [LOMA281_M2L3_C022].

[ 5/17] en_def_underwriting               (concept_en)
    Q: Explain the role of underwriting in insurance.
    PASS  path=loma  chunks=5  web=0  nodes=9  8.7s
    A: Underwriting in insurance involves assessing and classifying the degree of risk a proposed insured or group represents and deciding whether to accept or decline that risk. The process ensures that risks are accurately assessed, classified, and either approved with an appropriate premium rate or denied. Sound underwriting is crucial for maintaining the insurer's financial viability, as it ensures that every insured pays their fair share for coverage, with riskier individuals paying more than less risky ones [LOMA291_M2L2_C006][LOMA291_M2L2_C003].

[ 6/17] lang_override_vi_to_en            (language_override)
    Q: Antiselection là gì? Please answer in English only.
    PASS  path=loma  chunks=5  web=0  nodes=12  5.8s
    A: Antiselection is the tendency of individuals with a higher-than-average risk of loss to seek or continue insurance coverage to a greater extent than those with an average or below-average risk. For example, people in poor health are more likely to renew or convert their policies because they may not be able to obtain other life insurance coverage [LOMA281_M1L1_C033][LOMA281_M2L1_C020].

[ 7/17] lang_override_en_to_vi            (language_override)
    Q: What is reinsurance? Hãy trả lời bằng tiếng Việt.
    PASS  path=loma  chunks=5  web=0  nodes=12  7.1s
    A: Tái bảo hiểm (reinsurance) là bảo hiểm dành cho các công ty bảo hiểm. Nó cho phép công ty bảo hiểm gốc (direct writer hoặc ceding company) chuyển giao (cede) rủi ro vượt quá giới hạn giữ lại (retention limit) của mình cho một công ty tái bảo hiểm (reinsurer) hoặc công ty nhận rủi ro (assuming company) [LOMA281_M1L1_C029].

[ 8/17] cmp_term_vs_whole_en              (comparison_en)
    Q: What is the difference between term life insurance and whole life insurance?
    PASS  path=loma  chunks=5  web=0  nodes=12  5.1s
    A: The main difference between term life insurance and whole life insurance (cash value life insurance) lies in the length of coverage and the presence of a savings element. Term life insurance provides coverage for a specified period and does not include a savings element [LOMA281_M2L1_C004]. In contrast, whole life insurance provides lifetime coverage and includes a savings element known as the cash value [LOMA281_M2L2_C002].

[ 9/17] cmp_speculative_vs_pure_vi        (comparison_vi)
    Q: So sánh speculative risk và pure risk. Loại nào có thể được bảo hiểm?
    PASS  path=loma  chunks=5  web=0  nodes=12  8.4s
    A: Speculative risk (rủi ro đầu cơ) là loại rủi ro có thể dẫn đến lãi, lỗ hoặc không thay đổi, ví dụ như đầu tư cổ phiếu [LOMA281_M1L1_C008]. Trong khi đó, pure risk (rủi ro thuần túy) chỉ liên quan đến khả năng xảy ra mất mát hoặc không mất mát, không có khả năng thu lợi, ví dụ như tử vong hoặc bệnh tật [LOMA281_M1L1_C004][LOMA281_M1L1_C008].  Chỉ có pure risk là có thể được bảo hiểm, vì bảo hiểm được thiết kế để bù đắp tổn thất tài chính, không phải để tạo cơ hội thu lợi [LOMA281_M1L1_C009].

[10/17] cmp_risk_transfer_vs_pooling_vi   (comparison_vi)
    Q: So sánh giữa Risk Transfer và Risk Pooling.
    PASS  path=loma  chunks=5  web=0  nodes=12  13.0s
    A: Risk Transfer và Risk Pooling là hai khái niệm khác nhau trong quản lý rủi ro:  - **Risk Transfer (Chuyển giao rủi ro):** Đây là quá trình chuyển giao rủi ro từ một cá nhân hoặc tổ chức sang một công ty bảo hiểm. Công ty bảo hiểm chấp nhận rủi ro và hứa sẽ chi trả một khoản tiền (quyền lợi bảo hiểm) nếu tổn thất xảy ra. Đổi lại, người mua bảo hiểm trả một khoản phí bảo hiểm cho công ty bảo hiểm [LOMA281_M1L1_C013].  - **Risk Pooling (Gộp rủi ro):** Đây là nguyên tắc cơ bản của bảo hiểm, trong đó một nhóm người có nguy cơ gặp phải một loại tổn thất cụ thể chuyển giao rủi ro của họ cho công ty b…

[11/17] kg_contract_types_vi              (kg_traversal_vi)
    Q: Theo luật hợp đồng, một insurance contract có thể được phân loại thành các kiểu hợp đồng nào (ví dụ aleatory, unilateral, contract of adhesion…)? Liệt kê và mô tả ngắn gọn từng loại.
    FAIL  path=web  chunks=5  web=5  nodes=12  41.9s
      - path: expected 'loma', got 'web'
    A: Theo luật hợp đồng, một **insurance contract** (hợp đồng bảo hiểm) có thể được phân loại thành các kiểu hợp đồng sau đây:  1. **Hợp đồng ngẫu nhiên (Aleatory Contract)**: Đây là loại hợp đồng mà nghĩa vụ hoặc lợi ích của các bên phụ thuộc vào một sự kiện không chắc chắn trong tương lai. Ví dụ, người mua bảo hiểm chỉ nhận được tiền bồi thường nếu xảy ra rủi ro được bảo hiểm [WEB_1].  2. **Hợp đồng đơn phương (Unilateral Contract)**: Trong hợp đồng này, chỉ có một bên (thường là công ty bảo hiểm) có nghĩa vụ pháp lý phải thực hiện cam kết, ví dụ như chi trả bồi thường khi xảy ra sự kiện bảo hiểm…

[12/17] summary_module1_281_vi            (summary_vi)
    Q: Tóm tắt các nội dung chính của Module 1 trong LOMA 281 (Risk and Insurance).
    PASS  path=loma  chunks=5  web=0  nodes=12  14.9s
    A: Module 1 của LOMA 281 (Risk and Insurance) tập trung vào các nội dung chính sau:  1. **Phân biệt giữa rủi ro đầu cơ (speculative risk) và rủi ro thuần túy (pure risk)**: Rủi ro đầu cơ có thể dẫn đến mất mát, lợi nhuận hoặc không thay đổi, trong khi rủi ro thuần túy chỉ dẫn đến mất mát hoặc không mất mát, không có khả năng sinh lợi nhuận [LOMA281_M1L1_C004].  2. **Đặc điểm của rủi ro có thể bảo hiểm**: Rủi ro phải là rủi ro thuần túy, mất mát xảy ra ngẫu nhiên, mất mát phải xác định được về thời gian và số lượng, mất mát phải có ý nghĩa, tỷ lệ mất mát phải có thể dự đoán, và mất mát không được …

[13/17] summary_annuity_overview_en       (summary_en)
    Q: Give me an overview of the types of annuity products covered in this course.
    FAIL  path=web  chunks=5  web=5  nodes=11  20.4s
      - path: expected 'loma', got 'web'
    A: The course covers several types of annuity products, which can be categorized based on their structure and purpose:  1. **Fixed Annuities**: These provide a guaranteed interest rate and predictable payouts, making them a low-risk option. Examples include:    - **Multi-Year Guaranteed Annuity (MYGA)**: Offers a fixed rate for a set period (e.g., 2–10 years).    - **Single Premium Immediate Annuity (SPIA)**: Converts a lump sum into guaranteed income starting within a year [WEB_1][WEB_5].  2. **Fixed Index Annuities**: These combine growth potential tied to a market index (e.g., S&P 500) with pr…

[14/17] doc_compare_281_vs_291_vi         (doc_compare_vi)
    Q: LOMA 281 và LOMA 291 khác nhau ở điểm nào về phạm vi nội dung?
    PASS  path=web  chunks=5  web=5  nodes=12  17.8s
    A: LOMA 281 và LOMA 291 khác nhau chủ yếu về phạm vi nội dung mà mỗi khóa học tập trung.    - **LOMA 281**: Khóa học này tập trung vào việc đáp ứng nhu cầu của khách hàng thông qua bảo hiểm và niên kim. Nó giới thiệu các khái niệm cơ bản về bảo hiểm và cung cấp cái nhìn tổng quan về các sản phẩm bảo hiểm nhân thọ [WEB_4].    - **LOMA 291**: Khóa học này tập trung vào các hoạt động của công ty bảo hiểm, bao gồm việc hình thành, cấu trúc và các khu vực chức năng của công ty bảo hiểm. Nó mô tả cách các phòng ban khác nhau phối hợp để cải thiện trải nghiệm khách hàng và tối ưu hóa kết quả kinh doanh …

[15/17] web_solvency_ii_vi                (web_fallback_vi)
    Q: Solvency II framework yêu cầu gì về capital requirements cho insurer ở EU?
    PASS  path=web  chunks=5  web=5  nodes=7  20.7s
    A: Khung Solvency II yêu cầu các công ty bảo hiểm và tái bảo hiểm tại EU phải duy trì đủ vốn để đảm bảo khả năng đáp ứng các nghĩa vụ tài chính ngay cả trong điều kiện bất lợi. Yêu cầu vốn này được chia thành hai ngưỡng chính:    1. **Solvency Capital Requirement (SCR)**: Đây là mức vốn cao hơn, được thiết kế để đảm bảo công ty có khả năng chịu được các tổn thất bất ngờ trong vòng một năm với mức độ tin cậy 99,5%. SCR có thể được tính bằng công thức tiêu chuẩn do cơ quan quản lý quy định hoặc mô hình nội bộ do công ty phát triển, nhưng phải được phê duyệt bởi cơ quan quản lý [WEB_1][WEB_5].  2. *…

[16/17] web_insurtech_en                  (web_fallback_en)
    Q: What are the latest insurtech innovation trends in 2024?
    PASS  path=web  chunks=5  web=5  nodes=12  20.6s
    A: The latest insurtech innovation trends in 2024 include several transformative technologies and strategies reshaping the insurance industry:  1. **Generative AI and Applied AI**: Artificial intelligence continues to dominate, with applications such as fraud detection, risk assessment, damage appraisal, and personalized customer experiences. Generative AI is also enabling insurers to create high-impact models while adhering to regulatory and ethical standards [WEB_2], [WEB_5].  2. **IoT and Connected Insurance**: The integration of IoT devices is driving real-time data collection, enabling proac…

[17/17] web_unrelated_vi                  (web_fallback_vi)
    Q: Bitcoin có phải là khoản đầu tư an toàn không?
    PASS  path=web  chunks=5  web=5  nodes=12  18.5s
    A: Bitcoin không phải là một khoản đầu tư an toàn tuyệt đối. Nó mang lại tiềm năng lợi nhuận cao nhưng cũng đi kèm với nhiều rủi ro đáng kể. Một số rủi ro chính bao gồm:  1. **Biến động giá**: Giá trị của Bitcoin có thể thay đổi đột ngột và mạnh mẽ trong thời gian ngắn, khiến nhà đầu tư dễ gặp thua lỗ nếu không quản lý rủi ro tốt [WEB_1], [WEB_2].  2. **Rủi ro pháp lý**: Các quy định của chính phủ có thể thay đổi, dẫn đến việc hạn chế hoặc cấm Bitcoin, ảnh hưởng đến nhu cầu và giá trị của nó [WEB_1], [WEB_2].  3. **Rủi ro bảo mật**: Bitcoin không được bảo vệ bởi các cơ quan trung ương, và việc mấ…


=== Summary ===
  passed: 15/17  (88.2%)
  total time: 232.7s

By category:
  comparison_en          1/1
  comparison_vi          2/2
  concept_en             2/2
  concept_vi             3/3
  doc_compare_vi         1/1
  kg_traversal_vi        0/1
  language_override      2/2
  summary_en             0/1
  summary_vi             1/1
  web_fallback_en        1/1
  web_fallback_vi        2/2

wrote D:\t\LOMA\rag\out\qa_results_v2.jsonl
